2026-03-30 14:43:45,419 | INFO | Starting update run
2026-03-30 14:43:45,419 | INFO | [commodities] start
2026-03-30 14:43:46,431 | INFO | [commodities] loaded existing parquet C:\Users\jspit\OneDrive\Documents\Financial Analysis\data\commodities_data.parquet
2026-03-30 14:43:46,432 | INFO | [commodities] Gold start | source=yfinance ticker=GC=F
2026-03-30 14:43:46,442 | INFO | [commodities] Gold incremental fetch from 2026-03-25
2026-03-30 14:43:47,519 | INFO | [commodities] Gold fetched 4 rows | 2026-03-25 -> 2026-03-30
2026-03-30 14:43:47,531 | INFO | [commodities] Gold merge action=updated
2026-03-30 14:43:47,532 | INFO | [commodities] Silver start | source=yfinance ticker=SI=F
2026-03-30 14:43:47,534 | INFO | [commodities] Silver incremental fetch from 2026-03-25
2026-03-30 14:43:47,768 | INFO | [commodities] Silver fetched 4 rows | 2026-03-25 -> 2026-03-30
2026-03-30 14:43:47,778 | INFO | [commodities] Silver merge action=updated
2026-03-30 14:43:47,778 | INFO | [commodities] Copper start | source=yfinance ticker=HG=F
2026-03-30 14:43:47,781 | INFO | [commodities] Copper incremental fetch from 2026-03-25
2026-03-30 14:43:48,086 | INFO | [commodities] Copper fetched 4 rows | 2026-03-25 -> 2026-03-30
2026-03-30 14:43:48,097 | INFO | [commodities] Copper merge action=updated
2026-03-30 14:43:48,097 | INFO | [commodities] Crude start | source=yfinance ticker=CL=F
2026-03-30 14:43:48,099 | INFO | [commodities] Crude incremental fetch from 2026-03-25
2026-03-30 14:43:48,592 | INFO | [commodities] Crude fetched 4 rows | 2026-03-25 -> 2026-03-30
2026-03-30 14:43:48,602 | INFO | [commodities] Crude merge action=updated
2026-03-30 14:43:48,602 | INFO | [commodities] Brent start | source=yfinance ticker=BZ=F
2026-03-30 14:43:48,604 | INFO | [commodities] Brent incremental fetch from 2026-03-25
2026-03-30 14:43:48,785 | INFO | [commodities] Brent fetched 4 rows | 2026-03-25 -> 2026-03-30
2026-03-30 14:43:48,793 | INFO | [commodities] Brent merge action=updated
2026-03-30 14:43:48,793 | INFO | [commodities] Natgas start | source=yfinance ticker=NG=F
2026-03-30 14:43:48,795 | INFO | [commodities] Natgas incremental fetch from 2026-03-25
2026-03-30 14:43:48,949 | INFO | [commodities] Natgas fetched 4 rows | 2026-03-25 -> 2026-03-30
2026-03-30 14:43:48,961 | INFO | [commodities] Natgas merge action=updated
2026-03-30 14:43:48,961 | INFO | [commodities] Corn start | source=yfinance ticker=ZC=F
2026-03-30 14:43:48,964 | INFO | [commodities] Corn incremental fetch from 2026-03-25
2026-03-30 14:43:49,130 | INFO | [commodities] Corn fetched 4 rows | 2026-03-25 -> 2026-03-30
2026-03-30 14:43:49,137 | INFO | [commodities] Corn merge action=updated
2026-03-30 14:43:49,137 | INFO | [commodities] Wheat start | source=yfinance ticker=ZW=F
2026-03-30 14:43:49,142 | INFO | [commodities] Wheat incremental fetch from 2026-03-25
2026-03-30 14:43:49,332 | INFO | [commodities] Wheat fetched 4 rows | 2026-03-25 -> 2026-03-30
2026-03-30 14:43:49,338 | INFO | [commodities] Wheat merge action=updated
2026-03-30 14:43:49,338 | INFO | [commodities] Soy start | source=yfinance ticker=ZS=F
2026-03-30 14:43:49,340 | INFO | [commodities] Soy incremental fetch from 2026-03-25
2026-03-30 14:43:49,505 | INFO | [commodities] Soy fetched 4 rows | 2026-03-25 -> 2026-03-30
2026-03-30 14:43:49,517 | INFO | [commodities] Soy merge action=updated
2026-03-30 14:43:49,517 | INFO | [commodities] Coffee start | source=yfinance ticker=KC=F
2026-03-30 14:43:49,520 | INFO | [commodities] Coffee incremental fetch from 2026-03-25
2026-03-30 14:43:49,914 | INFO | [commodities] Coffee fetched 4 rows | 2026-03-25 -> 2026-03-30
2026-03-30 14:43:49,926 | INFO | [commodities] Coffee merge action=updated
2026-03-30 14:43:50,006 | INFO | [commodities] saved | updated=10 skipped=0 failed=0 rows=6611 cols=50 range=2000-01-03 -> 2026-03-30
2026-03-30 14:43:50,007 | INFO | [crypto] start
2026-03-30 14:43:50,042 | INFO | [crypto] loaded existing parquet C:\Users\jspit\OneDrive\Documents\Financial Analysis\data\crypto_data.parquet
2026-03-30 14:43:50,042 | INFO | [crypto] BTC start | source=yfinance ticker=BTC-USD
2026-03-30 14:43:50,048 | INFO | [crypto] BTC incremental fetch from 2026-03-25
2026-03-30 14:43:50,226 | INFO | [crypto] BTC fetched 6 rows | 2026-03-25 -> 2026-03-30
2026-03-30 14:43:50,236 | INFO | [crypto] BTC merge action=updated
2026-03-30 14:43:50,236 | INFO | [crypto] ETH start | source=yfinance ticker=ETH-USD
2026-03-30 14:43:50,240 | INFO | [crypto] ETH incremental fetch from 2026-03-25
2026-03-30 14:43:50,413 | INFO | [crypto] ETH fetched 6 rows | 2026-03-25 -> 2026-03-30
2026-03-30 14:43:50,428 | INFO | [crypto] ETH merge action=updated
2026-03-30 14:43:50,428 | INFO | [crypto] DOGE start | source=yfinance ticker=DOGE-USD
2026-03-30 14:43:50,432 | INFO | [crypto] DOGE incremental fetch from 2026-03-25
2026-03-30 14:43:50,602 | INFO | [crypto] DOGE fetched 6 rows | 2026-03-25 -> 2026-03-30
2026-03-30 14:43:50,613 | INFO | [crypto] DOGE merge action=updated
2026-03-30 14:43:50,613 | INFO | [crypto] PEPE start | source=yfinance ticker=PEPE24478-USD
2026-03-30 14:43:50,615 | INFO | [crypto] PEPE incremental fetch from 2026-03-25
2026-03-30 14:43:50,765 | INFO | [crypto] PEPE fetched 6 rows | 2026-03-25 -> 2026-03-30
2026-03-30 14:43:50,776 | INFO | [crypto] PEPE merge action=updated
2026-03-30 14:43:50,776 | INFO | [crypto] WIF start | source=yfinance ticker=WIF-USD
2026-03-30 14:43:50,779 | INFO | [crypto] WIF incremental fetch from 2026-03-25
2026-03-30 14:43:50,973 | INFO | [crypto] WIF fetched 6 rows | 2026-03-25 -> 2026-03-30
2026-03-30 14:43:50,984 | INFO | [crypto] WIF merge action=updated
2026-03-30 14:43:50,984 | INFO | [crypto] LINK start | source=yfinance ticker=LINK-USD
2026-03-30 14:43:50,986 | INFO | [crypto] LINK incremental fetch from 2026-03-25
2026-03-30 14:43:51,154 | INFO | [crypto] LINK fetched 6 rows | 2026-03-25 -> 2026-03-30
2026-03-30 14:43:51,166 | INFO | [crypto] LINK merge action=updated
2026-03-30 14:43:51,166 | INFO | [crypto] XRP start | source=yfinance ticker=XRP-USD
2026-03-30 14:43:51,168 | INFO | [crypto] XRP incremental fetch from 2026-03-25
2026-03-30 14:43:51,349 | INFO | [crypto] XRP fetched 6 rows | 2026-03-25 -> 2026-03-30
2026-03-30 14:43:51,360 | INFO | [crypto] XRP merge action=updated
2026-03-30 14:43:51,360 | INFO | [crypto] CRV start | source=yfinance ticker=CRV-USD
2026-03-30 14:43:51,362 | INFO | [crypto] CRV incremental fetch from 2026-03-25
2026-03-30 14:43:51,553 | INFO | [crypto] CRV fetched 6 rows | 2026-03-25 -> 2026-03-30
2026-03-30 14:43:51,565 | INFO | [crypto] CRV merge action=updated
2026-03-30 14:43:51,565 | INFO | [crypto] PENDLE start | source=yfinance ticker=PENDLE-USD
2026-03-30 14:43:51,568 | INFO | [crypto] PENDLE incremental fetch from 2026-03-25
2026-03-30 14:43:51,737 | INFO | [crypto] PENDLE fetched 6 rows | 2026-03-25 -> 2026-03-30
2026-03-30 14:43:51,748 | INFO | [crypto] PENDLE merge action=updated
2026-03-30 14:43:51,748 | INFO | [crypto] AAVE start | source=yfinance ticker=AAVE-USD
2026-03-30 14:43:51,750 | INFO | [crypto] AAVE incremental fetch from 2026-03-25
2026-03-30 14:43:51,917 | INFO | [crypto] AAVE fetched 6 rows | 2026-03-25 -> 2026-03-30
2026-03-30 14:43:51,925 | INFO | [crypto] AAVE merge action=updated
2026-03-30 14:43:51,925 | INFO | [crypto] DOT start | source=yfinance ticker=DOT-USD
2026-03-30 14:43:51,927 | INFO | [crypto] DOT incremental fetch from 2026-03-25
2026-03-30 14:43:52,086 | INFO | [crypto] DOT fetched 6 rows | 2026-03-25 -> 2026-03-30
2026-03-30 14:43:52,097 | INFO | [crypto] DOT merge action=updated
2026-03-30 14:43:52,097 | INFO | [crypto] ADA start | source=yfinance ticker=ADA-USD
2026-03-30 14:43:52,099 | INFO | [crypto] ADA incremental fetch from 2026-03-25
2026-03-30 14:43:52,282 | INFO | [crypto] ADA fetched 6 rows | 2026-03-25 -> 2026-03-30
2026-03-30 14:43:52,294 | INFO | [crypto] ADA merge action=updated
2026-03-30 14:43:52,294 | INFO | [crypto] AVAX start | source=yfinance ticker=AVAX-USD
2026-03-30 14:43:52,297 | INFO | [crypto] AVAX incremental fetch from 2026-03-25
2026-03-30 14:43:52,463 | INFO | [crypto] AVAX fetched 6 rows | 2026-03-25 -> 2026-03-30
2026-03-30 14:43:52,469 | INFO | [crypto] AVAX merge action=updated
2026-03-30 14:43:52,469 | INFO | [crypto] LTC start | source=yfinance ticker=LTC-USD
2026-03-30 14:43:52,470 | INFO | [crypto] LTC incremental fetch from 2026-03-25
2026-03-30 14:43:52,643 | INFO | [crypto] LTC fetched 6 rows | 2026-03-25 -> 2026-03-30
2026-03-30 14:43:52,653 | INFO | [crypto] LTC merge action=updated
2026-03-30 14:43:52,654 | INFO | [crypto] HBAR start | source=yfinance ticker=HBAR-USD
2026-03-30 14:43:52,659 | INFO | [crypto] HBAR incremental fetch from 2026-03-25
2026-03-30 14:43:52,831 | INFO | [crypto] HBAR fetched 6 rows | 2026-03-25 -> 2026-03-30
2026-03-30 14:43:52,842 | INFO | [crypto] HBAR merge action=updated
2026-03-30 14:43:52,842 | INFO | [crypto] XMR start | source=yfinance ticker=XMR-USD
2026-03-30 14:43:52,845 | INFO | [crypto] XMR incremental fetch from 2026-03-25
2026-03-30 14:43:53,036 | INFO | [crypto] XMR fetched 6 rows | 2026-03-25 -> 2026-03-30
2026-03-30 14:43:53,049 | INFO | [crypto] XMR merge action=updated
2026-03-30 14:43:53,049 | INFO | [crypto] ZEC start | source=yfinance ticker=ZEC-USD
2026-03-30 14:43:53,050 | INFO | [crypto] ZEC incremental fetch from 2026-03-25
2026-03-30 14:43:53,254 | INFO | [crypto] ZEC fetched 6 rows | 2026-03-25 -> 2026-03-30
2026-03-30 14:43:53,265 | INFO | [crypto] ZEC merge action=updated
2026-03-30 14:43:53,266 | INFO | [crypto] XLM start | source=yfinance ticker=XLM-USD
2026-03-30 14:43:53,268 | INFO | [crypto] XLM incremental fetch from 2026-03-25
2026-03-30 14:43:53,474 | INFO | [crypto] XLM fetched 6 rows | 2026-03-25 -> 2026-03-30
2026-03-30 14:43:53,484 | INFO | [crypto] XLM merge action=updated
2026-03-30 14:43:53,484 | INFO | [crypto] FET start | source=yfinance ticker=FET-USD
2026-03-30 14:43:53,486 | INFO | [crypto] FET incremental fetch from 2026-03-25
2026-03-30 14:43:53,667 | INFO | [crypto] FET fetched 6 rows | 2026-03-25 -> 2026-03-30
2026-03-30 14:43:53,678 | INFO | [crypto] FET merge action=updated
2026-03-30 14:43:53,678 | INFO | [crypto] RENDER start | source=yfinance ticker=RENDER-USD
2026-03-30 14:43:53,681 | INFO | [crypto] RENDER incremental fetch from 2026-03-25
2026-03-30 14:43:53,869 | INFO | [crypto] RENDER fetched 6 rows | 2026-03-25 -> 2026-03-30
2026-03-30 14:43:53,877 | INFO | [crypto] RENDER merge action=updated
2026-03-30 14:43:53,878 | INFO | [crypto] TAO start | source=yfinance ticker=TAO22974-USD
2026-03-30 14:43:53,879 | INFO | [crypto] TAO incremental fetch from 2026-03-25
2026-03-30 14:43:54,062 | INFO | [crypto] TAO fetched 6 rows | 2026-03-25 -> 2026-03-30
2026-03-30 14:43:54,074 | INFO | [crypto] TAO merge action=updated
2026-03-30 14:43:54,074 | INFO | [crypto] WLD start | source=yfinance ticker=WLD-USD
2026-03-30 14:43:54,078 | INFO | [crypto] WLD incremental fetch from 2026-03-25
2026-03-30 14:43:54,283 | INFO | [crypto] WLD fetched 6 rows | 2026-03-25 -> 2026-03-30
2026-03-30 14:43:54,294 | INFO | [crypto] WLD merge action=updated
2026-03-30 14:43:54,294 | INFO | [crypto] MOG start | source=yfinance ticker=MOG-USD
2026-03-30 14:43:54,296 | INFO | [crypto] MOG incremental fetch from 2026-03-25
2026-03-30 14:43:54,463 | INFO | [crypto] MOG fetched 6 rows | 2026-03-25 -> 2026-03-30
2026-03-30 14:43:54,469 | INFO | [crypto] MOG merge action=updated
2026-03-30 14:43:54,469 | INFO | [crypto] UNI start | source=yfinance ticker=UNI7083-USD
2026-03-30 14:43:54,470 | INFO | [crypto] UNI incremental fetch from 2026-03-25
2026-03-30 14:43:54,630 | INFO | [crypto] UNI fetched 6 rows | 2026-03-25 -> 2026-03-30
2026-03-30 14:43:54,637 | INFO | [crypto] UNI merge action=updated
2026-03-30 14:43:54,638 | INFO | [crypto] NEAR start | source=yfinance ticker=NEAR-USD
2026-03-30 14:43:54,641 | INFO | [crypto] NEAR incremental fetch from 2026-03-25
2026-03-30 14:43:54,810 | INFO | [crypto] NEAR fetched 6 rows | 2026-03-25 -> 2026-03-30
2026-03-30 14:43:54,821 | INFO | [crypto] NEAR merge action=updated
2026-03-30 14:43:54,821 | INFO | [crypto] CVX start | source=yfinance ticker=CVX-USD
2026-03-30 14:43:54,825 | INFO | [crypto] CVX incremental fetch from 2026-03-25
2026-03-30 14:43:55,000 | INFO | [crypto] CVX fetched 6 rows | 2026-03-25 -> 2026-03-30
2026-03-30 14:43:55,008 | INFO | [crypto] CVX merge action=updated
2026-03-30 14:43:55,009 | INFO | [crypto] TRAC start | source=yfinance ticker=TRAC-USD
2026-03-30 14:43:55,010 | INFO | [crypto] TRAC incremental fetch from 2026-03-25
2026-03-30 14:43:55,164 | INFO | [crypto] TRAC fetched 6 rows | 2026-03-25 -> 2026-03-30
2026-03-30 14:43:55,169 | INFO | [crypto] TRAC merge action=updated
2026-03-30 14:43:55,169 | INFO | [crypto] MON start | source=yfinance ticker=MON30495-USD
2026-03-30 14:43:55,170 | INFO | [crypto] MON incremental fetch from 2026-03-25
2026-03-30 14:43:55,330 | INFO | [crypto] MON fetched 6 rows | 2026-03-25 -> 2026-03-30
2026-03-30 14:43:55,339 | INFO | [crypto] MON merge action=updated
2026-03-30 14:43:55,339 | INFO | [crypto] COSMOS start | source=yfinance ticker=ATOM-USD
2026-03-30 14:43:55,342 | INFO | [crypto] COSMOS incremental fetch from 2026-03-25
2026-03-30 14:43:55,499 | INFO | [crypto] COSMOS fetched 6 rows | 2026-03-25 -> 2026-03-30
2026-03-30 14:43:55,510 | INFO | [crypto] COSMOS merge action=updated
2026-03-30 14:43:55,593 | INFO | [crypto] saved | updated=29 skipped=0 failed=0 rows=4213 cols=145 range=2014-09-17 -> 2026-03-30
2026-03-30 14:43:55,594 | INFO | [macro] start
2026-03-30 14:43:55,605 | INFO | [macro] loaded existing parquet C:\Users\jspit\OneDrive\Documents\Financial Analysis\data\macro_data.parquet
2026-03-30 14:43:55,606 | INFO | [macro] VIX start | source=yfinance ticker=^VIX
2026-03-30 14:43:55,608 | INFO | [macro] VIX incremental fetch from 2025-12-30
2026-03-30 14:43:55,752 | INFO | [macro] VIX fetched 62 rows | 2025-12-30 -> 2026-03-30
2026-03-30 14:43:55,773 | INFO | [macro] VIX merge action=updated
2026-03-30 14:43:55,773 | INFO | [macro] OVERNIGHT start | source=FRED ticker=SOFR
2026-03-30 14:43:55,777 | INFO | [macro] OVERNIGHT incremental fetch from 2025-12-30
2026-03-30 14:43:56,169 | INFO | [macro] OVERNIGHT fetched 64 rows | 2025-12-30 -> 2026-03-27
2026-03-30 14:43:56,186 | INFO | [macro] OVERNIGHT merge action=updated
2026-03-30 14:43:56,186 | INFO | [macro] US1MTB start | source=FRED ticker=DTB4WK
2026-03-30 14:43:56,189 | INFO | [macro] US1MTB incremental fetch from 2025-12-30
2026-03-30 14:43:56,443 | INFO | [macro] US1MTB fetched 63 rows | 2025-12-30 -> 2026-03-26
2026-03-30 14:43:56,457 | INFO | [macro] US1MTB merge action=updated
2026-03-30 14:43:56,457 | INFO | [macro] US3MTB start | source=FRED ticker=DGS3MO
2026-03-30 14:43:56,460 | INFO | [macro] US3MTB incremental fetch from 2025-12-30
2026-03-30 14:43:56,712 | INFO | [macro] US3MTB fetched 63 rows | 2025-12-30 -> 2026-03-26
2026-03-30 14:43:56,725 | INFO | [macro] US3MTB merge action=updated
2026-03-30 14:43:56,725 | INFO | [macro] US6MTB start | source=FRED ticker=DGS6MO
2026-03-30 14:43:56,728 | INFO | [macro] US6MTB incremental fetch from 2025-12-30
2026-03-30 14:43:56,982 | INFO | [macro] US6MTB fetched 63 rows | 2025-12-30 -> 2026-03-26
2026-03-30 14:43:56,996 | INFO | [macro] US6MTB merge action=updated
2026-03-30 14:43:56,997 | INFO | [macro] US01Y start | source=FRED ticker=DGS1
2026-03-30 14:43:56,999 | INFO | [macro] US01Y incremental fetch from 2025-12-30
2026-03-30 14:43:57,232 | INFO | [macro] US01Y fetched 63 rows | 2025-12-30 -> 2026-03-26
2026-03-30 14:43:57,246 | INFO | [macro] US01Y merge action=updated
2026-03-30 14:43:57,246 | INFO | [macro] US02Y start | source=FRED ticker=DGS2
2026-03-30 14:43:57,249 | INFO | [macro] US02Y incremental fetch from 2025-12-30
2026-03-30 14:43:57,499 | INFO | [macro] US02Y fetched 63 rows | 2025-12-30 -> 2026-03-26
2026-03-30 14:43:57,513 | INFO | [macro] US02Y merge action=updated
2026-03-30 14:43:57,513 | INFO | [macro] US03Y start | source=FRED ticker=DGS3
2026-03-30 14:43:57,515 | INFO | [macro] US03Y incremental fetch from 2025-12-30
2026-03-30 14:43:57,782 | INFO | [macro] US03Y fetched 63 rows | 2025-12-30 -> 2026-03-26
2026-03-30 14:43:57,795 | INFO | [macro] US03Y merge action=updated
2026-03-30 14:43:57,795 | INFO | [macro] US05Y start | source=FRED ticker=DGS5
2026-03-30 14:43:57,797 | INFO | [macro] US05Y incremental fetch from 2025-12-30
2026-03-30 14:43:58,060 | INFO | [macro] US05Y fetched 63 rows | 2025-12-30 -> 2026-03-26
2026-03-30 14:43:58,075 | INFO | [macro] US05Y merge action=updated
2026-03-30 14:43:58,075 | INFO | [macro] US07Y start | source=FRED ticker=DGS7
2026-03-30 14:43:58,077 | INFO | [macro] US07Y incremental fetch from 2025-12-30
2026-03-30 14:43:58,357 | INFO | [macro] US07Y fetched 63 rows | 2025-12-30 -> 2026-03-26
2026-03-30 14:43:58,369 | INFO | [macro] US07Y merge action=updated
2026-03-30 14:43:58,369 | INFO | [macro] US10Y start | source=FRED ticker=DGS10
2026-03-30 14:43:58,371 | INFO | [macro] US10Y incremental fetch from 2025-12-30
2026-03-30 14:43:58,634 | INFO | [macro] US10Y fetched 63 rows | 2025-12-30 -> 2026-03-26
2026-03-30 14:43:58,649 | INFO | [macro] US10Y merge action=updated
2026-03-30 14:43:58,649 | INFO | [macro] US20Y start | source=FRED ticker=DGS20
2026-03-30 14:43:58,651 | INFO | [macro] US20Y incremental fetch from 2025-12-30
2026-03-30 14:43:58,957 | INFO | [macro] US20Y fetched 63 rows | 2025-12-30 -> 2026-03-26
2026-03-30 14:43:58,970 | INFO | [macro] US20Y merge action=updated
2026-03-30 14:43:58,970 | INFO | [macro] US30Y start | source=FRED ticker=DGS30
2026-03-30 14:43:58,974 | INFO | [macro] US30Y incremental fetch from 2025-12-30
2026-03-30 14:44:00,319 | INFO | [macro] US30Y fetched 63 rows | 2025-12-30 -> 2026-03-26
2026-03-30 14:44:00,336 | INFO | [macro] US30Y merge action=updated
2026-03-30 14:44:00,337 | INFO | [macro] FEDFUNDS start | source=FRED ticker=FEDFUNDS
2026-03-30 14:44:00,342 | INFO | [macro] FEDFUNDS incremental fetch from 2025-12-30
2026-03-30 14:44:00,569 | INFO | [macro] FEDFUNDS fetched 3 rows | 2025-12-01 -> 2026-02-01
2026-03-30 14:44:00,589 | INFO | [macro] FEDFUNDS merge action=updated
2026-03-30 14:44:00,589 | INFO | [macro] GDPR start | source=FRED ticker=GDPC1
2026-03-30 14:44:00,592 | INFO | [macro] GDPR incremental fetch from 2025-12-30
2026-03-30 14:44:00,839 | INFO | [macro] GDPR fetched 1 rows | 2025-10-01 -> 2025-10-01
2026-03-30 14:44:00,857 | INFO | [macro] GDPR merge action=updated
2026-03-30 14:44:00,857 | INFO | [macro] GDPN start | source=FRED ticker=GDP
2026-03-30 14:44:00,861 | INFO | [macro] GDPN incremental fetch from 2025-12-30
2026-03-30 14:44:01,098 | INFO | [macro] GDPN fetched 1 rows | 2025-10-01 -> 2025-10-01
2026-03-30 14:44:01,116 | INFO | [macro] GDPN merge action=updated
2026-03-30 14:44:01,116 | INFO | [macro] CPIH start | source=FRED ticker=CPIAUCSL
2026-03-30 14:44:01,119 | INFO | [macro] CPIH incremental fetch from 2025-12-30
2026-03-30 14:44:01,350 | INFO | [macro] CPIH fetched 3 rows | 2025-12-01 -> 2026-02-01
2026-03-30 14:44:01,368 | INFO | [macro] CPIH merge action=updated
2026-03-30 14:44:01,368 | INFO | [macro] CPIC start | source=FRED ticker=CPILFENS
2026-03-30 14:44:01,371 | INFO | [macro] CPIC incremental fetch from 2025-12-30
2026-03-30 14:44:01,630 | INFO | [macro] CPIC fetched 3 rows | 2025-12-01 -> 2026-02-01
2026-03-30 14:44:01,653 | INFO | [macro] CPIC merge action=updated
2026-03-30 14:44:01,654 | INFO | [macro] PPIH start | source=FRED ticker=PPIACO
2026-03-30 14:44:01,660 | INFO | [macro] PPIH incremental fetch from 2025-12-30
2026-03-30 14:44:01,980 | INFO | [macro] PPIH fetched 3 rows | 2025-12-01 -> 2026-02-01
2026-03-30 14:44:02,000 | INFO | [macro] PPIH merge action=updated
2026-03-30 14:44:02,000 | INFO | [macro] PPIC start | source=FRED ticker=WPSFD4131
2026-03-30 14:44:02,002 | INFO | [macro] PPIC incremental fetch from 2025-12-30
2026-03-30 14:44:02,296 | INFO | [macro] PPIC fetched 3 rows | 2025-12-01 -> 2026-02-01
2026-03-30 14:44:02,316 | INFO | [macro] PPIC merge action=updated
2026-03-30 14:44:02,317 | INFO | [macro] NFP start | source=FRED ticker=PAYEMS
2026-03-30 14:44:02,319 | INFO | [macro] NFP incremental fetch from 2025-12-30
2026-03-30 14:44:02,572 | INFO | [macro] NFP fetched 3 rows | 2025-12-01 -> 2026-02-01
2026-03-30 14:44:02,587 | INFO | [macro] NFP merge action=updated
2026-03-30 14:44:02,587 | INFO | [macro] LABOUR_PART start | source=FRED ticker=CIVPART
2026-03-30 14:44:02,592 | INFO | [macro] LABOUR_PART incremental fetch from 2025-12-30
2026-03-30 14:44:02,945 | INFO | [macro] LABOUR_PART fetched 3 rows | 2025-12-01 -> 2026-02-01
2026-03-30 14:44:02,965 | INFO | [macro] LABOUR_PART merge action=updated
2026-03-30 14:44:02,965 | INFO | [macro] UNEMPLOYMENTR start | source=FRED ticker=UNRATE
2026-03-30 14:44:02,969 | INFO | [macro] UNEMPLOYMENTR incremental fetch from 2025-12-30
2026-03-30 14:44:03,195 | INFO | [macro] UNEMPLOYMENTR fetched 3 rows | 2025-12-01 -> 2026-02-01
2026-03-30 14:44:03,214 | INFO | [macro] UNEMPLOYMENTR merge action=updated
2026-03-30 14:44:03,214 | INFO | [macro] JOLTS start | source=FRED ticker=JTSJOL
2026-03-30 14:44:03,217 | INFO | [macro] JOLTS incremental fetch from 2025-12-30
2026-03-30 14:44:03,500 | INFO | [macro] JOLTS fetched 2 rows | 2025-12-01 -> 2026-01-01
2026-03-30 14:44:03,520 | INFO | [macro] JOLTS merge action=updated
2026-03-30 14:44:03,521 | INFO | [macro] USM1 start | source=FRED ticker=M1SL
2026-03-30 14:44:03,525 | INFO | [macro] USM1 incremental fetch from 2025-12-30
2026-03-30 14:44:03,897 | INFO | [macro] USM1 fetched 3 rows | 2025-12-01 -> 2026-02-01
2026-03-30 14:44:03,921 | INFO | [macro] USM1 merge action=updated
2026-03-30 14:44:03,921 | INFO | [macro] USM2 start | source=FRED ticker=M2SL
2026-03-30 14:44:03,925 | INFO | [macro] USM2 incremental fetch from 2025-12-30
2026-03-30 14:44:04,547 | INFO | [macro] USM2 fetched 3 rows | 2025-12-01 -> 2026-02-01
2026-03-30 14:44:04,566 | INFO | [macro] USM2 merge action=updated
2026-03-30 14:44:04,566 | INFO | [macro] HOUSINGSTARTS start | source=FRED ticker=HOUST
2026-03-30 14:44:04,569 | INFO | [macro] HOUSINGSTARTS incremental fetch from 2025-12-30
2026-03-30 14:44:05,532 | INFO | [macro] HOUSINGSTARTS fetched 2 rows | 2025-12-01 -> 2026-01-01
2026-03-30 14:44:05,551 | INFO | [macro] HOUSINGSTARTS merge action=updated
2026-03-30 14:44:05,551 | INFO | [macro] BUILDINGPERMS start | source=FRED ticker=PERMIT
2026-03-30 14:44:05,554 | INFO | [macro] BUILDINGPERMS incremental fetch from 2025-12-30
2026-03-30 14:44:06,412 | INFO | [macro] BUILDINGPERMS fetched 2 rows | 2025-12-01 -> 2026-01-01
2026-03-30 14:44:06,428 | INFO | [macro] BUILDINGPERMS merge action=updated
2026-03-30 14:44:06,428 | INFO | [macro] NEWHOMESALES start | source=FRED ticker=HSN1F
2026-03-30 14:44:06,431 | INFO | [macro] NEWHOMESALES incremental fetch from 2025-12-30
2026-03-30 14:44:07,243 | INFO | [macro] NEWHOMESALES fetched 2 rows | 2025-12-01 -> 2026-01-01
2026-03-30 14:44:07,260 | INFO | [macro] NEWHOMESALES merge action=updated
2026-03-30 14:44:07,260 | INFO | [macro] PMI start | source=Scrape ticker=PMI_ISM_MANU
2026-03-30 14:44:07,261 | INFO | [macro] PMI new asset; fetching full history
2026-03-30 14:44:07,261 | WARNING | [macro] PMI skipped | reason=unsupported source
2026-03-30 14:44:07,261 | INFO | [macro] CCI start | source=FRED ticker=UMCSENT
2026-03-30 14:44:07,263 | INFO | [macro] CCI incremental fetch from 2025-12-30
2026-03-30 14:44:08,269 | INFO | [macro] CCI fetched 3 rows | 2025-12-01 -> 2026-02-01
2026-03-30 14:44:08,287 | INFO | [macro] CCI merge action=updated
2026-03-30 14:44:08,347 | INFO | [macro] saved | updated=30 skipped=1 failed=0 rows=17569 cols=34 range=1913-01-01 -> 2026-03-30
2026-03-30 14:44:08,347 | INFO | [equities] start
2026-03-30 14:44:08,376 | INFO | [equities] loaded existing parquet C:\Users\jspit\OneDrive\Documents\Financial Analysis\data\equities_data.parquet
2026-03-30 14:44:08,376 | INFO | [equities] AAPL start | source=yfinance ticker=AAPL
2026-03-30 14:44:08,381 | INFO | [equities] AAPL incremental fetch from 2026-03-25
2026-03-30 14:44:08,581 | INFO | [equities] AAPL fetched 4 rows | 2026-03-25 -> 2026-03-30
2026-03-30 14:44:08,593 | INFO | [equities] AAPL merge action=updated
2026-03-30 14:44:08,594 | INFO | [equities] MSFT start | source=yfinance ticker=MSFT
2026-03-30 14:44:08,596 | INFO | [equities] MSFT incremental fetch from 2026-03-25
2026-03-30 14:44:08,797 | INFO | [equities] MSFT fetched 4 rows | 2026-03-25 -> 2026-03-30
2026-03-30 14:44:08,808 | INFO | [equities] MSFT merge action=updated
2026-03-30 14:44:08,808 | INFO | [equities] GOOGL start | source=yfinance ticker=GOOGL
2026-03-30 14:44:08,810 | INFO | [equities] GOOGL incremental fetch from 2026-03-25
2026-03-30 14:44:08,969 | INFO | [equities] GOOGL fetched 4 rows | 2026-03-25 -> 2026-03-30
2026-03-30 14:44:08,986 | INFO | [equities] GOOGL merge action=updated
2026-03-30 14:44:08,986 | INFO | [equities] AMZN start | source=yfinance ticker=AMZN
2026-03-30 14:44:08,990 | INFO | [equities] AMZN incremental fetch from 2026-03-25
2026-03-30 14:44:09,172 | INFO | [equities] AMZN fetched 4 rows | 2026-03-25 -> 2026-03-30
2026-03-30 14:44:09,184 | INFO | [equities] AMZN merge action=updated
2026-03-30 14:44:09,184 | INFO | [equities] META start | source=yfinance ticker=META
2026-03-30 14:44:09,187 | INFO | [equities] META incremental fetch from 2026-03-25
2026-03-30 14:44:09,353 | INFO | [equities] META fetched 4 rows | 2026-03-25 -> 2026-03-30
2026-03-30 14:44:09,367 | INFO | [equities] META merge action=updated
2026-03-30 14:44:09,368 | INFO | [equities] NVDA start | source=yfinance ticker=NVDA
2026-03-30 14:44:09,371 | INFO | [equities] NVDA incremental fetch from 2026-03-25
2026-03-30 14:44:09,585 | INFO | [equities] NVDA fetched 4 rows | 2026-03-25 -> 2026-03-30
2026-03-30 14:44:09,596 | INFO | [equities] NVDA merge action=updated
2026-03-30 14:44:09,596 | INFO | [equities] TSLA start | source=yfinance ticker=TSLA
2026-03-30 14:44:09,598 | INFO | [equities] TSLA incremental fetch from 2026-03-25
2026-03-30 14:44:09,769 | INFO | [equities] TSLA fetched 4 rows | 2026-03-25 -> 2026-03-30
2026-03-30 14:44:09,779 | INFO | [equities] TSLA merge action=updated
2026-03-30 14:44:09,779 | INFO | [equities] LMT start | source=yfinance ticker=LMT
2026-03-30 14:44:09,781 | INFO | [equities] LMT incremental fetch from 2026-03-25
2026-03-30 14:44:10,083 | INFO | [equities] LMT fetched 4 rows | 2026-03-25 -> 2026-03-30
2026-03-30 14:44:10,096 | INFO | [equities] LMT merge action=updated
2026-03-30 14:44:10,096 | INFO | [equities] TSM start | source=yfinance ticker=TSM
2026-03-30 14:44:10,098 | INFO | [equities] TSM incremental fetch from 2026-03-25
2026-03-30 14:44:10,303 | INFO | [equities] TSM fetched 4 rows | 2026-03-25 -> 2026-03-30
2026-03-30 14:44:10,316 | INFO | [equities] TSM merge action=updated
2026-03-30 14:44:10,316 | INFO | [equities] NFLX start | source=yfinance ticker=NFLX
2026-03-30 14:44:10,318 | INFO | [equities] NFLX incremental fetch from 2026-03-25
2026-03-30 14:44:10,524 | INFO | [equities] NFLX fetched 4 rows | 2026-03-25 -> 2026-03-30
2026-03-30 14:44:10,535 | INFO | [equities] NFLX merge action=updated
2026-03-30 14:44:10,535 | INFO | [equities] MSTR start | source=yfinance ticker=MSTR
2026-03-30 14:44:10,537 | INFO | [equities] MSTR incremental fetch from 2026-03-25
2026-03-30 14:44:10,719 | INFO | [equities] MSTR fetched 4 rows | 2026-03-25 -> 2026-03-30
2026-03-30 14:44:10,731 | INFO | [equities] MSTR merge action=updated
2026-03-30 14:44:10,731 | INFO | [equities] JPM start | source=yfinance ticker=JPM
2026-03-30 14:44:10,733 | INFO | [equities] JPM incremental fetch from 2026-03-25
2026-03-30 14:44:10,985 | INFO | [equities] JPM fetched 4 rows | 2026-03-25 -> 2026-03-30
2026-03-30 14:44:10,998 | INFO | [equities] JPM merge action=updated
2026-03-30 14:44:10,998 | INFO | [equities] COST start | source=yfinance ticker=COST
2026-03-30 14:44:11,000 | INFO | [equities] COST incremental fetch from 2026-03-25
2026-03-30 14:44:11,220 | INFO | [equities] COST fetched 4 rows | 2026-03-25 -> 2026-03-30
2026-03-30 14:44:11,230 | INFO | [equities] COST merge action=updated
2026-03-30 14:44:11,230 | INFO | [equities] XOM start | source=yfinance ticker=XOM
2026-03-30 14:44:11,232 | INFO | [equities] XOM incremental fetch from 2026-03-25
2026-03-30 14:44:11,569 | INFO | [equities] XOM fetched 4 rows | 2026-03-25 -> 2026-03-30
2026-03-30 14:44:11,578 | INFO | [equities] XOM merge action=updated
2026-03-30 14:44:11,671 | INFO | [equities] saved | updated=14 skipped=0 failed=0 rows=16168 cols=70 range=1962-01-02 -> 2026-03-30
2026-03-30 14:44:11,671 | INFO | [forex] start
2026-03-30 14:44:11,683 | INFO | [forex] loaded existing parquet C:\Users\jspit\OneDrive\Documents\Financial Analysis\data\forex_data.parquet
2026-03-30 14:44:11,683 | INFO | [forex] DXY start | source=yfinance ticker=DX-Y.NYB
2026-03-30 14:44:11,685 | INFO | [forex] DXY incremental fetch from 2026-03-25
2026-03-30 14:44:11,873 | INFO | [forex] DXY fetched 4 rows | 2026-03-25 -> 2026-03-30
2026-03-30 14:44:11,884 | INFO | [forex] DXY merge action=updated
2026-03-30 14:44:11,884 | INFO | [forex] EXY start | source=yfinance ticker=^XDE
2026-03-30 14:44:11,885 | INFO | [forex] EXY incremental fetch from 2026-03-25
2026-03-30 14:44:12,079 | INFO | [forex] EXY fetched 4 rows | 2026-03-25 -> 2026-03-30
2026-03-30 14:44:12,090 | INFO | [forex] EXY merge action=updated
2026-03-30 14:44:12,090 | INFO | [forex] BXY start | source=yfinance ticker=^XDB
2026-03-30 14:44:12,093 | INFO | [forex] BXY incremental fetch from 2026-03-25
2026-03-30 14:44:13,048 | INFO | [forex] BXY fetched 4 rows | 2026-03-25 -> 2026-03-30
2026-03-30 14:44:13,060 | INFO | [forex] BXY merge action=updated
2026-03-30 14:44:13,060 | INFO | [forex] JXY start | source=yfinance ticker=^XDN
2026-03-30 14:44:13,062 | INFO | [forex] JXY incremental fetch from 2026-03-25
2026-03-30 14:44:13,231 | INFO | [forex] JXY fetched 4 rows | 2026-03-25 -> 2026-03-30
2026-03-30 14:44:13,237 | INFO | [forex] JXY merge action=updated
2026-03-30 14:44:13,237 | INFO | [forex] AXY start | source=yfinance ticker=^XDA
2026-03-30 14:44:13,241 | INFO | [forex] AXY incremental fetch from 2026-03-25
2026-03-30 14:44:13,403 | INFO | [forex] AXY fetched 4 rows | 2026-03-25 -> 2026-03-30
2026-03-30 14:44:13,416 | INFO | [forex] AXY merge action=updated
2026-03-30 14:44:13,416 | INFO | [forex] CXY start | source=yfinance ticker=^XDC
2026-03-30 14:44:13,418 | INFO | [forex] CXY incremental fetch from 2026-03-25
2026-03-30 14:44:13,749 | INFO | [forex] CXY fetched 4 rows | 2026-03-25 -> 2026-03-30
2026-03-30 14:44:13,757 | INFO | [forex] CXY merge action=updated
2026-03-30 14:44:13,814 | INFO | [forex] saved | updated=6 skipped=0 failed=0 rows=14029 cols=30 range=1971-01-04 -> 2026-03-30
2026-03-30 14:44:13,814 | INFO | [indices] start
2026-03-30 14:44:13,858 | INFO | [indices] loaded existing parquet C:\Users\jspit\OneDrive\Documents\Financial Analysis\data\indices_data.parquet
2026-03-30 14:44:13,859 | INFO | [indices] SPY start | source=yfinance ticker=SPY
2026-03-30 14:44:13,861 | INFO | [indices] SPY incremental fetch from 2026-03-25
2026-03-30 14:44:14,088 | INFO | [indices] SPY fetched 4 rows | 2026-03-25 -> 2026-03-30
2026-03-30 14:44:14,113 | INFO | [indices] SPY merge action=updated
2026-03-30 14:44:14,113 | INFO | [indices] SPX start | source=yfinance ticker=^GSPC
2026-03-30 14:44:14,115 | INFO | [indices] SPX incremental fetch from 2026-03-25
2026-03-30 14:44:14,285 | INFO | [indices] SPX fetched 4 rows | 2026-03-25 -> 2026-03-30
2026-03-30 14:44:14,318 | INFO | [indices] SPX merge action=updated
2026-03-30 14:44:14,318 | INFO | [indices] QQQ start | source=yfinance ticker=QQQ
2026-03-30 14:44:14,325 | INFO | [indices] QQQ incremental fetch from 2026-03-25
2026-03-30 14:44:14,530 | INFO | [indices] QQQ fetched 4 rows | 2026-03-25 -> 2026-03-30
2026-03-30 14:44:14,551 | INFO | [indices] QQQ merge action=updated
2026-03-30 14:44:14,552 | INFO | [indices] NDX start | source=yfinance ticker=^IXIC
2026-03-30 14:44:14,556 | INFO | [indices] NDX incremental fetch from 2026-03-25
2026-03-30 14:44:14,713 | INFO | [indices] NDX fetched 4 rows | 2026-03-25 -> 2026-03-30
2026-03-30 14:44:14,735 | INFO | [indices] NDX merge action=updated
2026-03-30 14:44:14,736 | INFO | [indices] DOW start | source=yfinance ticker=^DJI
2026-03-30 14:44:14,742 | INFO | [indices] DOW incremental fetch from 2026-03-25
2026-03-30 14:44:14,921 | INFO | [indices] DOW fetched 4 rows | 2026-03-25 -> 2026-03-30
2026-03-30 14:44:14,942 | INFO | [indices] DOW merge action=updated
2026-03-30 14:44:14,942 | INFO | [indices] IWM start | source=yfinance ticker=IWM
2026-03-30 14:44:14,947 | INFO | [indices] IWM incremental fetch from 2026-03-25
2026-03-30 14:44:15,133 | INFO | [indices] IWM fetched 4 rows | 2026-03-25 -> 2026-03-30
2026-03-30 14:44:15,149 | INFO | [indices] IWM merge action=updated
2026-03-30 14:44:15,149 | INFO | [indices] RTY start | source=yfinance ticker=^RUT
2026-03-30 14:44:15,152 | INFO | [indices] RTY incremental fetch from 2026-03-22
2026-03-30 14:44:15,348 | INFO | [indices] RTY fetched 5 rows | 2026-03-23 -> 2026-03-27
2026-03-30 14:44:15,377 | INFO | [indices] RTY merge action=updated
2026-03-30 14:44:15,377 | INFO | [indices] DAX start | source=yfinance ticker=^GDAXI
2026-03-30 14:44:15,380 | INFO | [indices] DAX incremental fetch from 2026-03-25
2026-03-30 14:44:15,547 | INFO | [indices] DAX fetched 4 rows | 2026-03-25 -> 2026-03-30
2026-03-30 14:44:15,561 | INFO | [indices] DAX merge action=updated
2026-03-30 14:44:15,561 | INFO | [indices] FTSE start | source=yfinance ticker=^FTSE
2026-03-30 14:44:15,565 | INFO | [indices] FTSE incremental fetch from 2026-03-25
2026-03-30 14:44:15,750 | INFO | [indices] FTSE fetched 4 rows | 2026-03-25 -> 2026-03-30
2026-03-30 14:44:15,775 | INFO | [indices] FTSE merge action=updated
2026-03-30 14:44:15,775 | INFO | [indices] NIKKEI start | source=yfinance ticker=^N225
2026-03-30 14:44:15,779 | INFO | [indices] NIKKEI incremental fetch from 2026-03-25
2026-03-30 14:44:15,974 | INFO | [indices] NIKKEI fetched 4 rows | 2026-03-25 -> 2026-03-30
2026-03-30 14:44:15,994 | INFO | [indices] NIKKEI merge action=updated
2026-03-30 14:44:15,995 | INFO | [indices] HSI start | source=yfinance ticker=^HSI
2026-03-30 14:44:15,998 | INFO | [indices] HSI incremental fetch from 2026-03-25
2026-03-30 14:44:16,188 | INFO | [indices] HSI fetched 4 rows | 2026-03-25 -> 2026-03-30
2026-03-30 14:44:16,203 | INFO | [indices] HSI merge action=updated
2026-03-30 14:44:16,203 | INFO | [indices] TSX start | source=yfinance ticker=^GSPTSE
2026-03-30 14:44:16,208 | INFO | [indices] TSX incremental fetch from 2026-03-25
2026-03-30 14:44:16,411 | INFO | [indices] TSX fetched 4 rows | 2026-03-25 -> 2026-03-30
2026-03-30 14:44:16,428 | INFO | [indices] TSX merge action=updated
2026-03-30 14:44:16,428 | INFO | [indices] ACWI start | source=yfinance ticker=ACWI
2026-03-30 14:44:16,432 | INFO | [indices] ACWI incremental fetch from 2026-03-25
2026-03-30 14:44:16,633 | INFO | [indices] ACWI fetched 4 rows | 2026-03-25 -> 2026-03-30
2026-03-30 14:44:16,642 | INFO | [indices] ACWI merge action=updated
2026-03-30 14:44:16,642 | INFO | [indices] XLK start | source=yfinance ticker=XLK
2026-03-30 14:44:16,643 | INFO | [indices] XLK incremental fetch from 2026-03-25
2026-03-30 14:44:16,845 | INFO | [indices] XLK fetched 4 rows | 2026-03-25 -> 2026-03-30
2026-03-30 14:44:16,861 | INFO | [indices] XLK merge action=updated
2026-03-30 14:44:16,862 | INFO | [indices] XLF start | source=yfinance ticker=XLF
2026-03-30 14:44:16,865 | INFO | [indices] XLF incremental fetch from 2026-03-25
2026-03-30 14:44:17,085 | INFO | [indices] XLF fetched 4 rows | 2026-03-25 -> 2026-03-30
2026-03-30 14:44:17,097 | INFO | [indices] XLF merge action=updated
2026-03-30 14:44:17,098 | INFO | [indices] XLV start | source=yfinance ticker=XLV
2026-03-30 14:44:17,100 | INFO | [indices] XLV incremental fetch from 2026-03-25
2026-03-30 14:44:17,317 | INFO | [indices] XLV fetched 4 rows | 2026-03-25 -> 2026-03-30
2026-03-30 14:44:17,334 | INFO | [indices] XLV merge action=updated
2026-03-30 14:44:17,334 | INFO | [indices] XLE start | source=yfinance ticker=XLE
2026-03-30 14:44:17,337 | INFO | [indices] XLE incremental fetch from 2026-03-25
2026-03-30 14:44:17,531 | INFO | [indices] XLE fetched 4 rows | 2026-03-25 -> 2026-03-30
2026-03-30 14:44:17,545 | INFO | [indices] XLE merge action=updated
2026-03-30 14:44:17,546 | INFO | [indices] XLY start | source=yfinance ticker=XLY
2026-03-30 14:44:17,549 | INFO | [indices] XLY incremental fetch from 2026-03-25
2026-03-30 14:44:17,765 | INFO | [indices] XLY fetched 4 rows | 2026-03-25 -> 2026-03-30
2026-03-30 14:44:17,770 | INFO | [indices] XLY merge action=updated
2026-03-30 14:44:17,770 | INFO | [indices] XLP start | source=yfinance ticker=XLP
2026-03-30 14:44:17,773 | INFO | [indices] XLP incremental fetch from 2026-03-25
2026-03-30 14:44:17,983 | INFO | [indices] XLP fetched 4 rows | 2026-03-25 -> 2026-03-30
2026-03-30 14:44:17,999 | INFO | [indices] XLP merge action=updated
2026-03-30 14:44:17,999 | INFO | [indices] XLU start | source=yfinance ticker=XLU
2026-03-30 14:44:18,002 | INFO | [indices] XLU incremental fetch from 2026-03-25
2026-03-30 14:44:18,236 | INFO | [indices] XLU fetched 4 rows | 2026-03-25 -> 2026-03-30
2026-03-30 14:44:18,248 | INFO | [indices] XLU merge action=updated
2026-03-30 14:44:18,248 | INFO | [indices] XLC start | source=yfinance ticker=XLC
2026-03-30 14:44:18,250 | INFO | [indices] XLC incremental fetch from 2026-03-25
2026-03-30 14:44:18,452 | INFO | [indices] XLC fetched 4 rows | 2026-03-25 -> 2026-03-30
2026-03-30 14:44:18,464 | INFO | [indices] XLC merge action=updated
2026-03-30 14:44:18,465 | INFO | [indices] XLRE start | source=yfinance ticker=XLRE
2026-03-30 14:44:18,467 | INFO | [indices] XLRE incremental fetch from 2026-03-25
2026-03-30 14:44:18,650 | INFO | [indices] XLRE fetched 4 rows | 2026-03-25 -> 2026-03-30
2026-03-30 14:44:18,660 | INFO | [indices] XLRE merge action=updated
2026-03-30 14:44:18,661 | INFO | [indices] XLB start | source=yfinance ticker=XLB
2026-03-30 14:44:18,662 | INFO | [indices] XLB incremental fetch from 2026-03-25
2026-03-30 14:44:18,866 | INFO | [indices] XLB fetched 4 rows | 2026-03-25 -> 2026-03-30
2026-03-30 14:44:18,879 | INFO | [indices] XLB merge action=updated
2026-03-30 14:44:18,880 | INFO | [indices] XLI start | source=yfinance ticker=XLI
2026-03-30 14:44:18,882 | INFO | [indices] XLI incremental fetch from 2026-03-25
2026-03-30 14:44:19,149 | INFO | [indices] XLI fetched 4 rows | 2026-03-25 -> 2026-03-30
2026-03-30 14:44:19,161 | INFO | [indices] XLI merge action=updated
2026-03-30 14:44:19,341 | INFO | [indices] saved | updated=24 skipped=0 failed=0 rows=25190 cols=120 range=1927-12-30 -> 2026-03-30
2026-03-30 14:44:19,341 | INFO | Run complete | updated=113 skipped=1 failed=0 log=C:\Users\jspit\OneDrive\Documents\Financial Analysis\logs\run_updates_2026-03-30_144345.log
